########### array before sorts ###########
0	0.000000	0.000000	74.930000	0.000000	n
1	74.930000	0.000000	74.930000	82.550000	n
2	74.930000	82.550000	0.000000	82.550000	n
3	0.000000	82.550000	0.000000	0.000000	n
4	4.336050	2.540000	4.320685	2.774432	n
5	4.320685	2.774432	4.274851	3.004852	n
6	4.274851	3.004852	4.095425	3.438025	n
7	4.095425	3.438025	3.809999	3.809999	n
8	3.809999	3.809999	3.438025	4.095425	n
9	3.438025	4.095425	3.004852	4.274851	n
10	3.004852	4.274851	2.540000	4.336050	n
11	2.540000	4.336050	2.075148	4.274851	n
12	2.075148	4.274851	1.641975	4.095425	n
13	1.641975	4.095425	1.270001	3.809999	n
14	1.270001	3.809999	0.984575	3.438025	n
15	0.984575	3.438025	0.805149	3.004852	n
16	0.805149	3.004852	0.743950	2.540000	n
17	0.743950	2.540000	0.805149	2.075148	n
18	0.805149	2.075148	0.984575	1.641975	n
19	0.984575	1.641975	1.270001	1.270001	n
20	1.270001	1.270001	1.641975	0.984575	n
21	1.641975	0.984575	2.075148	0.805149	n
22	2.075148	0.805149	2.540000	0.743950	n
23	2.540000	0.743950	3.004852	0.805149	n
24	3.004852	0.805149	3.438025	0.984575	n
25	3.438025	0.984575	3.809999	1.270001	n
26	3.809999	1.270001	4.095425	1.641975	n
27	4.095425	1.641975	4.274851	2.075148	n
28	4.274851	2.075148	4.336050	2.540000	n
29	74.186050	2.540000	74.170685	2.774432	n
30	74.170685	2.774432	74.124851	3.004852	n
31	74.124851	3.004852	73.945425	3.438025	n
32	73.945425	3.438025	73.659999	3.809999	n
33	73.659999	3.809999	73.288025	4.095425	n
34	73.288025	4.095425	72.854852	4.274851	n
35	72.854852	4.274851	72.390000	4.336050	n
36	72.390000	4.336050	71.925148	4.274851	n
37	71.925148	4.274851	71.491975	4.095425	n
38	71.491975	4.095425	71.120001	3.809999	n
39	71.120001	3.809999	70.834575	3.438025	n
40	70.834575	3.438025	70.655149	3.004852	n
41	70.655149	3.004852	70.593950	2.540000	n
42	70.593950	2.540000	70.655149	2.075148	n
43	70.655149	2.075148	70.834575	1.641975	n
44	70.834575	1.641975	71.120001	1.270001	n
45	71.120001	1.270001	71.491975	0.984575	n
46	71.491975	0.984575	71.925148	0.805149	n
47	71.925148	0.805149	72.390000	0.743950	n
48	72.390000	0.743950	72.854852	0.805149	n
49	72.854852	0.805149	73.288025	0.984575	n
50	73.288025	0.984575	73.659999	1.270001	n
51	73.659999	1.270001	73.945425	1.641975	n
52	73.945425	1.641975	74.124851	2.075148	n
53	74.124851	2.075148	74.186050	2.540000	n
54	74.186050	80.010000	74.170685	80.244432	n
55	74.170685	80.244432	74.124851	80.474852	n
56	74.124851	80.474852	73.945425	80.908025	n
57	73.945425	80.908025	73.659999	81.279999	n
58	73.659999	81.279999	73.288025	81.565425	n
59	73.288025	81.565425	72.854852	81.744851	n
60	72.854852	81.744851	72.390000	81.806050	n
61	72.390000	81.806050	71.925148	81.744851	n
62	71.925148	81.744851	71.491975	81.565425	n
63	71.491975	81.565425	71.120001	81.279999	n
64	71.120001	81.279999	70.834575	80.908025	n
65	70.834575	80.908025	70.655149	80.474852	n
66	70.655149	80.474852	70.593950	80.010000	n
67	70.593950	80.010000	70.655149	79.545148	n
68	70.655149	79.545148	70.834575	79.111975	n
69	70.834575	79.111975	71.120001	78.740001	n
70	71.120001	78.740001	71.491975	78.454575	n
71	71.491975	78.454575	71.925148	78.275149	n
72	71.925148	78.275149	72.390000	78.213950	n
73	72.390000	78.213950	72.854852	78.275149	n
74	72.854852	78.275149	73.288025	78.454575	n
75	73.288025	78.454575	73.659999	78.740001	n
76	73.659999	78.740001	73.945425	79.111975	n
77	73.945425	79.111975	74.124851	79.545148	n
78	74.124851	79.545148	74.186050	80.010000	n
79	4.336050	80.010000	4.320685	80.244432	n
80	4.320685	80.244432	4.274851	80.474852	n
81	4.274851	80.474852	4.095425	80.908025	n
82	4.095425	80.908025	3.809999	81.279999	n
83	3.809999	81.279999	3.438025	81.565425	n
84	3.438025	81.565425	3.004852	81.744851	n
85	3.004852	81.744851	2.540000	81.806050	n
86	2.540000	81.806050	2.075148	81.744851	n
87	2.075148	81.744851	1.641975	81.565425	n
88	1.641975	81.565425	1.270001	81.279999	n
89	1.270001	81.279999	0.984575	80.908025	n
90	0.984575	80.908025	0.805149	80.474852	n
91	0.805149	80.474852	0.743950	80.010000	n
92	0.743950	80.010000	0.805149	79.545148	n
93	0.805149	79.545148	0.984575	79.111975	n
94	0.984575	79.111975	1.270001	78.740001	n
95	1.270001	78.740001	1.641975	78.454575	n
96	1.641975	78.454575	2.075148	78.275149	n
97	2.075148	78.275149	2.540000	78.213950	n
98	2.540000	78.213950	3.004852	78.275149	n
99	3.004852	78.275149	3.438025	78.454575	n
100	3.438025	78.454575	3.809999	78.740001	n
101	3.809999	78.740001	4.095425	79.111975	n
102	4.095425	79.111975	4.274851	79.545148	n
103	4.274851	79.545148	4.336050	80.010000	n
Tolerance=0.050000.
*Exact match for i=0 and j=1.
*i point 0.000000	0.000000	74.930000	0.000000	y
*Exact match for i=1 and j=2.
*i point 74.930000	0.000000	74.930000	82.550000	y
*Exact match for i=2 and j=3.
*i point 74.930000	82.550000	0.000000	82.550000	y
*Exact match for i=4 and j=5.
*i point 4.336050	2.540000	4.320685	2.774432	y
*Exact match for i=5 and j=6.
*i point 4.320685	2.774432	4.274851	3.004852	y
*Exact match for i=6 and j=7.
*i point 4.274851	3.004852	4.095425	3.438025	y
*Exact match for i=7 and j=8.
*i point 4.095425	3.438025	3.809999	3.809999	y
*Exact match for i=8 and j=9.
*i point 3.809999	3.809999	3.438025	4.095425	y
*Exact match for i=9 and j=10.
*i point 3.438025	4.095425	3.004852	4.274851	y
*Exact match for i=10 and j=11.
*i point 3.004852	4.274851	2.540000	4.336050	y
*Exact match for i=11 and j=12.
*i point 2.540000	4.336050	2.075148	4.274851	y
*Exact match for i=12 and j=13.
*i point 2.075148	4.274851	1.641975	4.095425	y
*Exact match for i=13 and j=14.
*i point 1.641975	4.095425	1.270001	3.809999	y
*Exact match for i=14 and j=15.
*i point 1.270001	3.809999	0.984575	3.438025	y
*Exact match for i=15 and j=16.
*i point 0.984575	3.438025	0.805149	3.004852	y
*Exact match for i=16 and j=17.
*i point 0.805149	3.004852	0.743950	2.540000	y
*Exact match for i=17 and j=18.
*i point 0.743950	2.540000	0.805149	2.075148	y
*Exact match for i=18 and j=19.
*i point 0.805149	2.075148	0.984575	1.641975	y
*Exact match for i=19 and j=20.
*i point 0.984575	1.641975	1.270001	1.270001	y
*Exact match for i=20 and j=21.
*i point 1.270001	1.270001	1.641975	0.984575	y
*Exact match for i=21 and j=22.
*i point 1.641975	0.984575	2.075148	0.805149	y
*Exact match for i=22 and j=23.
*i point 2.075148	0.805149	2.540000	0.743950	y
*Exact match for i=23 and j=24.
*i point 2.540000	0.743950	3.004852	0.805149	y
*Exact match for i=24 and j=25.
*i point 3.004852	0.805149	3.438025	0.984575	y
*Exact match for i=25 and j=26.
*i point 3.438025	0.984575	3.809999	1.270001	y
*Exact match for i=26 and j=27.
*i point 3.809999	1.270001	4.095425	1.641975	y
*Exact match for i=27 and j=28.
*i point 4.095425	1.641975	4.274851	2.075148	y
*Exact match for i=29 and j=30.
*i point 74.186050	2.540000	74.170685	2.774432	y
*Exact match for i=30 and j=31.
*i point 74.170685	2.774432	74.124851	3.004852	y
*Exact match for i=31 and j=32.
*i point 74.124851	3.004852	73.945425	3.438025	y
*Exact match for i=32 and j=33.
*i point 73.945425	3.438025	73.659999	3.809999	y
*Exact match for i=33 and j=34.
*i point 73.659999	3.809999	73.288025	4.095425	y
*Exact match for i=34 and j=35.
*i point 73.288025	4.095425	72.854852	4.274851	y
*Exact match for i=35 and j=36.
*i point 72.854852	4.274851	72.390000	4.336050	y
*Exact match for i=36 and j=37.
*i point 72.390000	4.336050	71.925148	4.274851	y
*Exact match for i=37 and j=38.
*i point 71.925148	4.274851	71.491975	4.095425	y
*Exact match for i=38 and j=39.
*i point 71.491975	4.095425	71.120001	3.809999	y
*Exact match for i=39 and j=40.
*i point 71.120001	3.809999	70.834575	3.438025	y
*Exact match for i=40 and j=41.
*i point 70.834575	3.438025	70.655149	3.004852	y
*Exact match for i=41 and j=42.
*i point 70.655149	3.004852	70.593950	2.540000	y
*Exact match for i=42 and j=43.
*i point 70.593950	2.540000	70.655149	2.075148	y
*Exact match for i=43 and j=44.
*i point 70.655149	2.075148	70.834575	1.641975	y
*Exact match for i=44 and j=45.
*i point 70.834575	1.641975	71.120001	1.270001	y
*Exact match for i=45 and j=46.
*i point 71.120001	1.270001	71.491975	0.984575	y
*Exact match for i=46 and j=47.
*i point 71.491975	0.984575	71.925148	0.805149	y
*Exact match for i=47 and j=48.
*i point 71.925148	0.805149	72.390000	0.743950	y
*Exact match for i=48 and j=49.
*i point 72.390000	0.743950	72.854852	0.805149	y
*Exact match for i=49 and j=50.
*i point 72.854852	0.805149	73.288025	0.984575	y
*Exact match for i=50 and j=51.
*i point 73.288025	0.984575	73.659999	1.270001	y
*Exact match for i=51 and j=52.
*i point 73.659999	1.270001	73.945425	1.641975	y
*Exact match for i=52 and j=53.
*i point 73.945425	1.641975	74.124851	2.075148	y
*Exact match for i=54 and j=55.
*i point 74.186050	80.010000	74.170685	80.244432	y
*Exact match for i=55 and j=56.
*i point 74.170685	80.244432	74.124851	80.474852	y
*Exact match for i=56 and j=57.
*i point 74.124851	80.474852	73.945425	80.908025	y
*Exact match for i=57 and j=58.
*i point 73.945425	80.908025	73.659999	81.279999	y
*Exact match for i=58 and j=59.
*i point 73.659999	81.279999	73.288025	81.565425	y
*Exact match for i=59 and j=60.
*i point 73.288025	81.565425	72.854852	81.744851	y
*Exact match for i=60 and j=61.
*i point 72.854852	81.744851	72.390000	81.806050	y
*Exact match for i=61 and j=62.
*i point 72.390000	81.806050	71.925148	81.744851	y
*Exact match for i=62 and j=63.
*i point 71.925148	81.744851	71.491975	81.565425	y
*Exact match for i=63 and j=64.
*i point 71.491975	81.565425	71.120001	81.279999	y
*Exact match for i=64 and j=65.
*i point 71.120001	81.279999	70.834575	80.908025	y
*Exact match for i=65 and j=66.
*i point 70.834575	80.908025	70.655149	80.474852	y
*Exact match for i=66 and j=67.
*i point 70.655149	80.474852	70.593950	80.010000	y
*Exact match for i=67 and j=68.
*i point 70.593950	80.010000	70.655149	79.545148	y
*Exact match for i=68 and j=69.
*i point 70.655149	79.545148	70.834575	79.111975	y
*Exact match for i=69 and j=70.
*i point 70.834575	79.111975	71.120001	78.740001	y
*Exact match for i=70 and j=71.
*i point 71.120001	78.740001	71.491975	78.454575	y
*Exact match for i=71 and j=72.
*i point 71.491975	78.454575	71.925148	78.275149	y
*Exact match for i=72 and j=73.
*i point 71.925148	78.275149	72.390000	78.213950	y
*Exact match for i=73 and j=74.
*i point 72.390000	78.213950	72.854852	78.275149	y
*Exact match for i=74 and j=75.
*i point 72.854852	78.275149	73.288025	78.454575	y
*Exact match for i=75 and j=76.
*i point 73.288025	78.454575	73.659999	78.740001	y
*Exact match for i=76 and j=77.
*i point 73.659999	78.740001	73.945425	79.111975	y
*Exact match for i=77 and j=78.
*i point 73.945425	79.111975	74.124851	79.545148	y
*Exact match for i=79 and j=80.
*i point 4.336050	80.010000	4.320685	80.244432	y
*Exact match for i=80 and j=81.
*i point 4.320685	80.244432	4.274851	80.474852	y
*Exact match for i=81 and j=82.
*i point 4.274851	80.474852	4.095425	80.908025	y
*Exact match for i=82 and j=83.
*i point 4.095425	80.908025	3.809999	81.279999	y
*Exact match for i=83 and j=84.
*i point 3.809999	81.279999	3.438025	81.565425	y
*Exact match for i=84 and j=85.
*i point 3.438025	81.565425	3.004852	81.744851	y
*Exact match for i=85 and j=86.
*i point 3.004852	81.744851	2.540000	81.806050	y
*Exact match for i=86 and j=87.
*i point 2.540000	81.806050	2.075148	81.744851	y
*Exact match for i=87 and j=88.
*i point 2.075148	81.744851	1.641975	81.565425	y
*Exact match for i=88 and j=89.
*i point 1.641975	81.565425	1.270001	81.279999	y
*Exact match for i=89 and j=90.
*i point 1.270001	81.279999	0.984575	80.908025	y
*Exact match for i=90 and j=91.
*i point 0.984575	80.908025	0.805149	80.474852	y
*Exact match for i=91 and j=92.
*i point 0.805149	80.474852	0.743950	80.010000	y
*Exact match for i=92 and j=93.
*i point 0.743950	80.010000	0.805149	79.545148	y
*Exact match for i=93 and j=94.
*i point 0.805149	79.545148	0.984575	79.111975	y
*Exact match for i=94 and j=95.
*i point 0.984575	79.111975	1.270001	78.740001	y
*Exact match for i=95 and j=96.
*i point 1.270001	78.740001	1.641975	78.454575	y
*Exact match for i=96 and j=97.
*i point 1.641975	78.454575	2.075148	78.275149	y
*Exact match for i=97 and j=98.
*i point 2.075148	78.275149	2.540000	78.213950	y
*Exact match for i=98 and j=99.
*i point 2.540000	78.213950	3.004852	78.275149	y
*Exact match for i=99 and j=100.
*i point 3.004852	78.275149	3.438025	78.454575	y
*Exact match for i=100 and j=101.
*i point 3.438025	78.454575	3.809999	78.740001	y
*Exact match for i=101 and j=102.
*i point 3.809999	78.740001	4.095425	79.111975	y
*Exact match for i=102 and j=103.
*i point 4.095425	79.111975	4.274851	79.545148	y
########### array after sorts ###########
0	0.000000	0.000000	74.930000	0.000000	y
1	74.930000	0.000000	74.930000	82.550000	y
2	74.930000	82.550000	0.000000	82.550000	y
3	0.000000	82.550000	0.000000	0.000000	y
4	4.336050	2.540000	4.320685	2.774432	y
5	4.320685	2.774432	4.274851	3.004852	y
6	4.274851	3.004852	4.095425	3.438025	y
7	4.095425	3.438025	3.809999	3.809999	y
8	3.809999	3.809999	3.438025	4.095425	y
9	3.438025	4.095425	3.004852	4.274851	y
10	3.004852	4.274851	2.540000	4.336050	y
11	2.540000	4.336050	2.075148	4.274851	y
12	2.075148	4.274851	1.641975	4.095425	y
13	1.641975	4.095425	1.270001	3.809999	y
14	1.270001	3.809999	0.984575	3.438025	y
15	0.984575	3.438025	0.805149	3.004852	y
16	0.805149	3.004852	0.743950	2.540000	y
17	0.743950	2.540000	0.805149	2.075148	y
18	0.805149	2.075148	0.984575	1.641975	y
19	0.984575	1.641975	1.270001	1.270001	y
20	1.270001	1.270001	1.641975	0.984575	y
21	1.641975	0.984575	2.075148	0.805149	y
22	2.075148	0.805149	2.540000	0.743950	y
23	2.540000	0.743950	3.004852	0.805149	y
24	3.004852	0.805149	3.438025	0.984575	y
25	3.438025	0.984575	3.809999	1.270001	y
26	3.809999	1.270001	4.095425	1.641975	y
27	4.095425	1.641975	4.274851	2.075148	y
28	4.274851	2.075148	4.336050	2.540000	y
29	74.186050	2.540000	74.170685	2.774432	y
30	74.170685	2.774432	74.124851	3.004852	y
31	74.124851	3.004852	73.945425	3.438025	y
32	73.945425	3.438025	73.659999	3.809999	y
33	73.659999	3.809999	73.288025	4.095425	y
34	73.288025	4.095425	72.854852	4.274851	y
35	72.854852	4.274851	72.390000	4.336050	y
36	72.390000	4.336050	71.925148	4.274851	y
37	71.925148	4.274851	71.491975	4.095425	y
38	71.491975	4.095425	71.120001	3.809999	y
39	71.120001	3.809999	70.834575	3.438025	y
40	70.834575	3.438025	70.655149	3.004852	y
41	70.655149	3.004852	70.593950	2.540000	y
42	70.593950	2.540000	70.655149	2.075148	y
43	70.655149	2.075148	70.834575	1.641975	y
44	70.834575	1.641975	71.120001	1.270001	y
45	71.120001	1.270001	71.491975	0.984575	y
46	71.491975	0.984575	71.925148	0.805149	y
47	71.925148	0.805149	72.390000	0.743950	y
48	72.390000	0.743950	72.854852	0.805149	y
49	72.854852	0.805149	73.288025	0.984575	y
50	73.288025	0.984575	73.659999	1.270001	y
51	73.659999	1.270001	73.945425	1.641975	y
52	73.945425	1.641975	74.124851	2.075148	y
53	74.124851	2.075148	74.186050	2.540000	y
54	74.186050	80.010000	74.170685	80.244432	y
55	74.170685	80.244432	74.124851	80.474852	y
56	74.124851	80.474852	73.945425	80.908025	y
57	73.945425	80.908025	73.659999	81.279999	y
58	73.659999	81.279999	73.288025	81.565425	y
59	73.288025	81.565425	72.854852	81.744851	y
60	72.854852	81.744851	72.390000	81.806050	y
61	72.390000	81.806050	71.925148	81.744851	y
62	71.925148	81.744851	71.491975	81.565425	y
63	71.491975	81.565425	71.120001	81.279999	y
64	71.120001	81.279999	70.834575	80.908025	y
65	70.834575	80.908025	70.655149	80.474852	y
66	70.655149	80.474852	70.593950	80.010000	y
67	70.593950	80.010000	70.655149	79.545148	y
68	70.655149	79.545148	70.834575	79.111975	y
69	70.834575	79.111975	71.120001	78.740001	y
70	71.120001	78.740001	71.491975	78.454575	y
71	71.491975	78.454575	71.925148	78.275149	y
72	71.925148	78.275149	72.390000	78.213950	y
73	72.390000	78.213950	72.854852	78.275149	y
74	72.854852	78.275149	73.288025	78.454575	y
75	73.288025	78.454575	73.659999	78.740001	y
76	73.659999	78.740001	73.945425	79.111975	y
77	73.945425	79.111975	74.124851	79.545148	y
78	74.124851	79.545148	74.186050	80.010000	y
79	4.336050	80.010000	4.320685	80.244432	y
80	4.320685	80.244432	4.274851	80.474852	y
81	4.274851	80.474852	4.095425	80.908025	y
82	4.095425	80.908025	3.809999	81.279999	y
83	3.809999	81.279999	3.438025	81.565425	y
84	3.438025	81.565425	3.004852	81.744851	y
85	3.004852	81.744851	2.540000	81.806050	y
86	2.540000	81.806050	2.075148	81.744851	y
87	2.075148	81.744851	1.641975	81.565425	y
88	1.641975	81.565425	1.270001	81.279999	y
89	1.270001	81.279999	0.984575	80.908025	y
90	0.984575	80.908025	0.805149	80.474852	y
91	0.805149	80.474852	0.743950	80.010000	y
92	0.743950	80.010000	0.805149	79.545148	y
93	0.805149	79.545148	0.984575	79.111975	y
94	0.984575	79.111975	1.270001	78.740001	y
95	1.270001	78.740001	1.641975	78.454575	y
96	1.641975	78.454575	2.075148	78.275149	y
97	2.075148	78.275149	2.540000	78.213950	y
98	2.540000	78.213950	3.004852	78.275149	y
99	3.004852	78.275149	3.438025	78.454575	y
100	3.438025	78.454575	3.809999	78.740001	y
101	3.809999	78.740001	4.095425	79.111975	y
102	4.095425	79.111975	4.274851	79.545148	y
103	4.274851	79.545148	4.336050	80.010000	y
***************
.BOARD_OUTLINE UNOWNED
1.6
0     0.000000     0.000000     0
0     74.930000     0.000000     0
0     74.930000     82.550000     0
0     0.000000     82.550000     0
0     0.000000     0.000000     0
1     4.336050     2.540000     0
1     4.320685     2.774432     0
1     4.274851     3.004852     0
1     4.095425     3.438025     0
1     3.809999     3.809999     0
1     3.438025     4.095425     0
1     3.004852     4.274851     0
1     2.540000     4.336050     0
1     2.075148     4.274851     0
1     1.641975     4.095425     0
1     1.270001     3.809999     0
1     0.984575     3.438025     0
1     0.805149     3.004852     0
1     0.743950     2.540000     0
1     0.805149     2.075148     0
1     0.984575     1.641975     0
1     1.270001     1.270001     0
1     1.641975     0.984575     0
1     2.075148     0.805149     0
1     2.540000     0.743950     0
1     3.004852     0.805149     0
1     3.438025     0.984575     0
1     3.809999     1.270001     0
1     4.095425     1.641975     0
1     4.274851     2.075148     0
1     4.336050     2.540000     0
2     74.186050     2.540000     0
2     74.170685     2.774432     0
2     74.124851     3.004852     0
2     73.945425     3.438025     0
2     73.659999     3.809999     0
2     73.288025     4.095425     0
2     72.854852     4.274851     0
2     72.390000     4.336050     0
2     71.925148     4.274851     0
2     71.491975     4.095425     0
2     71.120001     3.809999     0
2     70.834575     3.438025     0
2     70.655149     3.004852     0
2     70.593950     2.540000     0
2     70.655149     2.075148     0
2     70.834575     1.641975     0
2     71.120001     1.270001     0
2     71.491975     0.984575     0
2     71.925148     0.805149     0
2     72.390000     0.743950     0
2     72.854852     0.805149     0
2     73.288025     0.984575     0
2     73.659999     1.270001     0
2     73.945425     1.641975     0
2     74.124851     2.075148     0
2     74.186050     2.540000     0
3     74.186050     80.010000     0
3     74.170685     80.244432     0
3     74.124851     80.474852     0
3     73.945425     80.908025     0
3     73.659999     81.279999     0
3     73.288025     81.565425     0
3     72.854852     81.744851     0
3     72.390000     81.806050     0
3     71.925148     81.744851     0
3     71.491975     81.565425     0
3     71.120001     81.279999     0
3     70.834575     80.908025     0
3     70.655149     80.474852     0
3     70.593950     80.010000     0
3     70.655149     79.545148     0
3     70.834575     79.111975     0
3     71.120001     78.740001     0
3     71.491975     78.454575     0
3     71.925148     78.275149     0
3     72.390000     78.213950     0
3     72.854852     78.275149     0
3     73.288025     78.454575     0
3     73.659999     78.740001     0
3     73.945425     79.111975     0
3     74.124851     79.545148     0
3     74.186050     80.010000     0
4     4.336050     80.010000     0
4     4.320685     80.244432     0
4     4.274851     80.474852     0
4     4.095425     80.908025     0
4     3.809999     81.279999     0
4     3.438025     81.565425     0
4     3.004852     81.744851     0
4     2.540000     81.806050     0
4     2.075148     81.744851     0
4     1.641975     81.565425     0
4     1.270001     81.279999     0
4     0.984575     80.908025     0
4     0.805149     80.474852     0
4     0.743950     80.010000     0
4     0.805149     79.545148     0
4     0.984575     79.111975     0
4     1.270001     78.740001     0
4     1.641975     78.454575     0
4     2.075148     78.275149     0
4     2.540000     78.213950     0
4     3.004852     78.275149     0
4     3.438025     78.454575     0
4     3.809999     78.740001     0
4     4.095425     79.111975     0
4     4.274851     79.545148     0
4     4.336050     80.010000     0
